<?xml version="1.0" encoding="UTF-8"?>
<testng-results skipped="0" failed="2" ignored="0" total="3" passed="1">
  <reporter-output>
  </reporter-output>
  <suite name="Suite" duration-ms="78489" started-at="2018-05-15T08:10:42Z" finished-at="2018-05-15T08:12:00Z">
    <groups>
      <group name="regression">
        <method signature="LinkTesting.linkTesting()[pri:0, instance:Mavenprjct.Finanace.LinkTesting@27f723]" name="linkTesting" class="Mavenprjct.Finanace.LinkTesting"/>
        <method signature="LinkTesting.linkTesting()[pri:0, instance:Mavenprjct.Finanace.LinkTesting@37374a5e]" name="linkTesting" class="Mavenprjct.Finanace.LinkTesting"/>
        <method signature="LinkTesting.linkTesting()[pri:0, instance:Mavenprjct.Finanace.LinkTesting@7cbd213e]" name="linkTesting" class="Mavenprjct.Finanace.LinkTesting"/>
      </group> <!-- regression -->
      <group name="smoke">
        <method signature="LinkTesting.linkTesting()[pri:0, instance:Mavenprjct.Finanace.LinkTesting@27f723]" name="linkTesting" class="Mavenprjct.Finanace.LinkTesting"/>
        <method signature="LinkTesting.linkTesting()[pri:0, instance:Mavenprjct.Finanace.LinkTesting@37374a5e]" name="linkTesting" class="Mavenprjct.Finanace.LinkTesting"/>
        <method signature="LinkTesting.linkTesting()[pri:0, instance:Mavenprjct.Finanace.LinkTesting@7cbd213e]" name="linkTesting" class="Mavenprjct.Finanace.LinkTesting"/>
      </group> <!-- smoke -->
    </groups>
    <test name="chrome Test" duration-ms="40504" started-at="2018-05-15T08:10:42Z" finished-at="2018-05-15T08:11:22Z">
      <class name="Mavenprjct.Finanace.LinkTesting">
        <test-method status="PASS" signature="setup(java.lang.String)[pri:0, instance:Mavenprjct.Finanace.LinkTesting@27f723]" name="setup" is-config="true" duration-ms="35990" started-at="2018-05-15T08:10:42Z" finished-at="2018-05-15T08:11:18Z">
          <params>
            <param index="0">
              <value>
                <![CDATA[chrome]]>
              </value>
            </param>
          </params>
          <reporter-output>
          </reporter-output>
        </test-method> <!-- setup -->
        <test-method status="FAIL" signature="linkTesting()[pri:0, instance:Mavenprjct.Finanace.LinkTesting@27f723]" name="linkTesting" duration-ms="4162" started-at="2018-05-15T08:11:18Z" finished-at="2018-05-15T08:11:22Z">
          <exception class="org.openqa.selenium.WebDriverException">
            <message>
              <![CDATA[unknown error: Element <a class="_2k0gmP" href="/account/login?ret=/">...</a> is not clickable at point (764, 26). Other element would receive the click: <div class="_2ISNhP _3AOFWO" tabindex="-1">...</div>
  (Session info: chrome=66.0.3359.139)
  (Driver info: chromedriver=2.36.540470 (e522d04694c7ebea4ba8821272dbef4f9b818c91),platform=Windows NT 10.0.16299 x86_64) (WARNING: The server did not provide any stacktrace information)
Command duration or timeout: 52 milliseconds
Build info: version: '2.53.1', revision: 'a36b8b1cd5757287168e54b817830adce9b0158d', time: '2016-06-30 19:26:09'
System info: host: 'DESKTOP-5CB5NKI', ip: '192.168.0.31', os.name: 'Windows 10', os.arch: 'amd64', os.version: '10.0', java.version: '1.8.0_161'
Driver info: org.openqa.selenium.chrome.ChromeDriver
Capabilities [{applicationCacheEnabled=false, rotatable=false, mobileEmulationEnabled=false, networkConnectionEnabled=false, chrome={chromedriverVersion=2.36.540470 (e522d04694c7ebea4ba8821272dbef4f9b818c91), userDataDir=C:\Users\aanu\AppData\Local\Temp\scoped_dir9684_1767}, takesHeapSnapshot=true, pageLoadStrategy=normal, databaseEnabled=false, handlesAlerts=true, hasTouchScreen=false, version=66.0.3359.139, platform=XP, browserConnectionEnabled=false, nativeEvents=true, acceptSslCerts=false, acceptInsecureCerts=false, locationContextEnabled=true, webStorageEnabled=true, browserName=chrome, takesScreenshot=true, javascriptEnabled=true, cssSelectorsEnabled=true, setWindowRect=true, unexpectedAlertBehaviour=}]
Session ID: e331429cda4d98b5ed0eb3dd57c1d5a4]]>
            </message>
            <full-stacktrace>
              <![CDATA[org.openqa.selenium.WebDriverException: unknown error: Element <a class="_2k0gmP" href="/account/login?ret=/">...</a> is not clickable at point (764, 26). Other element would receive the click: <div class="_2ISNhP _3AOFWO" tabindex="-1">...</div>
  (Session info: chrome=66.0.3359.139)
  (Driver info: chromedriver=2.36.540470 (e522d04694c7ebea4ba8821272dbef4f9b818c91),platform=Windows NT 10.0.16299 x86_64) (WARNING: The server did not provide any stacktrace information)
Command duration or timeout: 52 milliseconds
Build info: version: '2.53.1', revision: 'a36b8b1cd5757287168e54b817830adce9b0158d', time: '2016-06-30 19:26:09'
System info: host: 'DESKTOP-5CB5NKI', ip: '192.168.0.31', os.name: 'Windows 10', os.arch: 'amd64', os.version: '10.0', java.version: '1.8.0_161'
Driver info: org.openqa.selenium.chrome.ChromeDriver
Capabilities [{applicationCacheEnabled=false, rotatable=false, mobileEmulationEnabled=false, networkConnectionEnabled=false, chrome={chromedriverVersion=2.36.540470 (e522d04694c7ebea4ba8821272dbef4f9b818c91), userDataDir=C:\Users\aanu\AppData\Local\Temp\scoped_dir9684_1767}, takesHeapSnapshot=true, pageLoadStrategy=normal, databaseEnabled=false, handlesAlerts=true, hasTouchScreen=false, version=66.0.3359.139, platform=XP, browserConnectionEnabled=false, nativeEvents=true, acceptSslCerts=false, acceptInsecureCerts=false, locationContextEnabled=true, webStorageEnabled=true, browserName=chrome, takesScreenshot=true, javascriptEnabled=true, cssSelectorsEnabled=true, setWindowRect=true, unexpectedAlertBehaviour=}]
Session ID: e331429cda4d98b5ed0eb3dd57c1d5a4
at sun.reflect.NativeConstructorAccessorImpl.newInstance0(Native Method)
at sun.reflect.NativeConstructorAccessorImpl.newInstance(NativeConstructorAccessorImpl.java:62)
at sun.reflect.DelegatingConstructorAccessorImpl.newInstance(DelegatingConstructorAccessorImpl.java:45)
at java.lang.reflect.Constructor.newInstance(Constructor.java:423)
at org.openqa.selenium.remote.ErrorHandler.createThrowable(ErrorHandler.java:206)
at org.openqa.selenium.remote.ErrorHandler.throwIfResponseFailed(ErrorHandler.java:158)
at org.openqa.selenium.remote.RemoteWebDriver.execute(RemoteWebDriver.java:678)
at org.openqa.selenium.remote.RemoteWebElement.execute(RemoteWebElement.java:327)
at org.openqa.selenium.remote.RemoteWebElement.click(RemoteWebElement.java:85)
at Mavenprjct.Finanace.LinkTesting.linkTesting(LinkTesting.java:18)
at sun.reflect.NativeMethodAccessorImpl.invoke0(Native Method)
at sun.reflect.NativeMethodAccessorImpl.invoke(NativeMethodAccessorImpl.java:62)
at sun.reflect.DelegatingMethodAccessorImpl.invoke(DelegatingMethodAccessorImpl.java:43)
at java.lang.reflect.Method.invoke(Method.java:498)
at org.testng.internal.MethodInvocationHelper.invokeMethod(MethodInvocationHelper.java:124)
at org.testng.internal.Invoker.invokeMethod(Invoker.java:583)
at org.testng.internal.Invoker.invokeTestMethod(Invoker.java:719)
at org.testng.internal.Invoker.invokeTestMethods(Invoker.java:989)
at org.testng.internal.TestMethodWorker.invokeTestMethods(TestMethodWorker.java:125)
at org.testng.internal.TestMethodWorker.run(TestMethodWorker.java:109)
at org.testng.TestRunner.privateRun(TestRunner.java:648)
at org.testng.TestRunner.run(TestRunner.java:505)
at org.testng.SuiteRunner.runTest(SuiteRunner.java:455)
at org.testng.SuiteRunner.runSequentially(SuiteRunner.java:450)
at org.testng.SuiteRunner.privateRun(SuiteRunner.java:415)
at org.testng.SuiteRunner.run(SuiteRunner.java:364)
at org.testng.SuiteRunnerWorker.runSuite(SuiteRunnerWorker.java:52)
at org.testng.SuiteRunnerWorker.run(SuiteRunnerWorker.java:84)
at org.testng.TestNG.runSuitesSequentially(TestNG.java:1208)
at org.testng.TestNG.runSuitesLocally(TestNG.java:1137)
at org.testng.TestNG.runSuites(TestNG.java:1049)
at org.testng.TestNG.run(TestNG.java:1017)
at org.testng.remote.AbstractRemoteTestNG.run(AbstractRemoteTestNG.java:114)
at org.testng.remote.RemoteTestNG.initAndRun(RemoteTestNG.java:251)
at org.testng.remote.RemoteTestNG.main(RemoteTestNG.java:77)
]]>
            </full-stacktrace>
          </exception> <!-- org.openqa.selenium.WebDriverException -->
          <reporter-output>
          </reporter-output>
        </test-method> <!-- linkTesting -->
        <test-method status="PASS" signature="killProcess()[pri:0, instance:Mavenprjct.Finanace.LinkTesting@27f723]" name="killProcess" is-config="true" duration-ms="301" started-at="2018-05-15T08:11:22Z" finished-at="2018-05-15T08:11:22Z">
          <reporter-output>
          </reporter-output>
        </test-method> <!-- killProcess -->
      </class> <!-- Mavenprjct.Finanace.LinkTesting -->
    </test> <!-- chrome Test -->
    <test name="firefox Test" duration-ms="29475" started-at="2018-05-15T08:11:23Z" finished-at="2018-05-15T08:11:52Z">
      <class name="Mavenprjct.Finanace.LinkTesting">
        <test-method status="PASS" signature="setup(java.lang.String)[pri:0, instance:Mavenprjct.Finanace.LinkTesting@37374a5e]" name="setup" is-config="true" duration-ms="24697" started-at="2018-05-15T08:11:23Z" finished-at="2018-05-15T08:11:47Z">
          <params>
            <param index="0">
              <value>
                <![CDATA[firefox]]>
              </value>
            </param>
          </params>
          <reporter-output>
          </reporter-output>
        </test-method> <!-- setup -->
        <test-method status="FAIL" signature="linkTesting()[pri:0, instance:Mavenprjct.Finanace.LinkTesting@37374a5e]" name="linkTesting" duration-ms="4719" started-at="2018-05-15T08:11:47Z" finished-at="2018-05-15T08:11:52Z">
          <exception class="org.openqa.selenium.WebDriverException">
            <message>
              <![CDATA[Element is not clickable at point (1037.4166870117188, 27.416671752929688). Other element would receive the click: <div tabindex="-1" class="_2ISNhP _3AOFWO"></div>
Command duration or timeout: 449 milliseconds
Build info: version: '2.53.1', revision: 'a36b8b1cd5757287168e54b817830adce9b0158d', time: '2016-06-30 19:26:09'
System info: host: 'DESKTOP-5CB5NKI', ip: '192.168.0.31', os.name: 'Windows 10', os.arch: 'amd64', os.version: '10.0', java.version: '1.8.0_161'
Driver info: org.openqa.selenium.firefox.FirefoxDriver
Capabilities [{applicationCacheEnabled=true, rotatable=false, handlesAlerts=true, databaseEnabled=true, version=46.0, platform=WINDOWS, nativeEvents=false, acceptSslCerts=true, webStorageEnabled=true, locationContextEnabled=true, browserName=firefox, takesScreenshot=true, javascriptEnabled=true, cssSelectorsEnabled=true}]
Session ID: 11fc2958-8b5b-4da6-a5d5-e969ee081cca]]>
            </message>
            <full-stacktrace>
              <![CDATA[org.openqa.selenium.WebDriverException: Element is not clickable at point (1037.4166870117188, 27.416671752929688). Other element would receive the click: <div tabindex="-1" class="_2ISNhP _3AOFWO"></div>
Command duration or timeout: 449 milliseconds
Build info: version: '2.53.1', revision: 'a36b8b1cd5757287168e54b817830adce9b0158d', time: '2016-06-30 19:26:09'
System info: host: 'DESKTOP-5CB5NKI', ip: '192.168.0.31', os.name: 'Windows 10', os.arch: 'amd64', os.version: '10.0', java.version: '1.8.0_161'
Driver info: org.openqa.selenium.firefox.FirefoxDriver
Capabilities [{applicationCacheEnabled=true, rotatable=false, handlesAlerts=true, databaseEnabled=true, version=46.0, platform=WINDOWS, nativeEvents=false, acceptSslCerts=true, webStorageEnabled=true, locationContextEnabled=true, browserName=firefox, takesScreenshot=true, javascriptEnabled=true, cssSelectorsEnabled=true}]
Session ID: 11fc2958-8b5b-4da6-a5d5-e969ee081cca
at sun.reflect.NativeConstructorAccessorImpl.newInstance0(Native Method)
at sun.reflect.NativeConstructorAccessorImpl.newInstance(NativeConstructorAccessorImpl.java:62)
at sun.reflect.DelegatingConstructorAccessorImpl.newInstance(DelegatingConstructorAccessorImpl.java:45)
at java.lang.reflect.Constructor.newInstance(Constructor.java:423)
at org.openqa.selenium.remote.ErrorHandler.createThrowable(ErrorHandler.java:206)
at org.openqa.selenium.remote.ErrorHandler.throwIfResponseFailed(ErrorHandler.java:158)
at org.openqa.selenium.remote.RemoteWebDriver.execute(RemoteWebDriver.java:678)
at org.openqa.selenium.remote.RemoteWebElement.execute(RemoteWebElement.java:327)
at org.openqa.selenium.remote.RemoteWebElement.click(RemoteWebElement.java:85)
at Mavenprjct.Finanace.LinkTesting.linkTesting(LinkTesting.java:18)
at sun.reflect.NativeMethodAccessorImpl.invoke0(Native Method)
at sun.reflect.NativeMethodAccessorImpl.invoke(NativeMethodAccessorImpl.java:62)
at sun.reflect.DelegatingMethodAccessorImpl.invoke(DelegatingMethodAccessorImpl.java:43)
at java.lang.reflect.Method.invoke(Method.java:498)
at org.testng.internal.MethodInvocationHelper.invokeMethod(MethodInvocationHelper.java:124)
at org.testng.internal.Invoker.invokeMethod(Invoker.java:583)
at org.testng.internal.Invoker.invokeTestMethod(Invoker.java:719)
at org.testng.internal.Invoker.invokeTestMethods(Invoker.java:989)
at org.testng.internal.TestMethodWorker.invokeTestMethods(TestMethodWorker.java:125)
at org.testng.internal.TestMethodWorker.run(TestMethodWorker.java:109)
at org.testng.TestRunner.privateRun(TestRunner.java:648)
at org.testng.TestRunner.run(TestRunner.java:505)
at org.testng.SuiteRunner.runTest(SuiteRunner.java:455)
at org.testng.SuiteRunner.runSequentially(SuiteRunner.java:450)
at org.testng.SuiteRunner.privateRun(SuiteRunner.java:415)
at org.testng.SuiteRunner.run(SuiteRunner.java:364)
at org.testng.SuiteRunnerWorker.runSuite(SuiteRunnerWorker.java:52)
at org.testng.SuiteRunnerWorker.run(SuiteRunnerWorker.java:84)
at org.testng.TestNG.runSuitesSequentially(TestNG.java:1208)
at org.testng.TestNG.runSuitesLocally(TestNG.java:1137)
at org.testng.TestNG.runSuites(TestNG.java:1049)
at org.testng.TestNG.run(TestNG.java:1017)
at org.testng.remote.AbstractRemoteTestNG.run(AbstractRemoteTestNG.java:114)
at org.testng.remote.RemoteTestNG.initAndRun(RemoteTestNG.java:251)
at org.testng.remote.RemoteTestNG.main(RemoteTestNG.java:77)
]]>
            </full-stacktrace>
          </exception> <!-- org.openqa.selenium.WebDriverException -->
          <reporter-output>
          </reporter-output>
        </test-method> <!-- linkTesting -->
        <test-method status="PASS" signature="killProcess()[pri:0, instance:Mavenprjct.Finanace.LinkTesting@37374a5e]" name="killProcess" is-config="true" duration-ms="53" started-at="2018-05-15T08:11:52Z" finished-at="2018-05-15T08:11:52Z">
          <reporter-output>
          </reporter-output>
        </test-method> <!-- killProcess -->
      </class> <!-- Mavenprjct.Finanace.LinkTesting -->
    </test> <!-- firefox Test -->
    <test name="ie Test" duration-ms="8363" started-at="2018-05-15T08:11:52Z" finished-at="2018-05-15T08:12:00Z">
      <class name="Mavenprjct.Finanace.LinkTesting">
        <test-method status="PASS" signature="setup(java.lang.String)[pri:0, instance:Mavenprjct.Finanace.LinkTesting@7cbd213e]" name="setup" is-config="true" duration-ms="2877" started-at="2018-05-15T08:11:52Z" finished-at="2018-05-15T08:11:55Z">
          <params>
            <param index="0">
              <value>
                <![CDATA[ie]]>
              </value>
            </param>
          </params>
          <reporter-output>
          </reporter-output>
        </test-method> <!-- setup -->
        <test-method status="PASS" signature="linkTesting()[pri:0, instance:Mavenprjct.Finanace.LinkTesting@7cbd213e]" name="linkTesting" duration-ms="5312" started-at="2018-05-15T08:11:55Z" finished-at="2018-05-15T08:12:00Z">
          <reporter-output>
          </reporter-output>
        </test-method> <!-- linkTesting -->
        <test-method status="PASS" signature="killProcess()[pri:0, instance:Mavenprjct.Finanace.LinkTesting@7cbd213e]" name="killProcess" is-config="true" duration-ms="172" started-at="2018-05-15T08:12:00Z" finished-at="2018-05-15T08:12:00Z">
          <reporter-output>
          </reporter-output>
        </test-method> <!-- killProcess -->
      </class> <!-- Mavenprjct.Finanace.LinkTesting -->
    </test> <!-- ie Test -->
  </suite> <!-- Suite -->
</testng-results>
